<?xml version="1.0" encoding="UTF-8"?>
<!-- Generated by org.testng.reporters.JUnitReportReporter -->
<testsuite hostname="Les-MacBook-Pro.local" name="scenarios.Activity1Splash" tests="1" failures="0" timestamp="9 Nov 2017 05:33:36 GMT" time="4.276" errors="0">
  <testcase name="onTestThisPage" time="4.276" classname="scenarios.Activity1Splash"/>
</testsuite> <!-- scenarios.Activity1Splash -->
